<?xml version="1.0" encoding="UTF-8"?>
<!-- Generated by org.testng.reporters.JUnitReportReporter -->
<testsuite hostname="AR-IT18304" failures="0" tests="1" name="Edit.SauceDemo.Asignacion2" time="4.133" errors="0" timestamp="2022-12-28T15:50:29 ART" skipped="0">
  <testcase classname="Edit.SauceDemo.Asignacion2" name="hacerBusquedaEnChrome" time="4.133"/>
  <system-out/>
</testsuite> <!-- Edit.SauceDemo.Asignacion2 -->
