<?xml version="1.0" encoding="UTF-8"?>
<!-- Generated by org.testng.reporters.JUnitReportReporter -->
<testsuite hostname="AR-IT18304" failures="0" tests="7" name="Edit.SauceDemo.asignacionClase7" time="8.402" errors="0" timestamp="2023-01-19T12:03:39 ART" skipped="0">
  <testcase classname="Edit.SauceDemo.asignacionClase7" name="logIn" time="0.185"/>
  <system-out/>
  <testcase classname="Edit.SauceDemo.asignacionClase7" name="logIn" time="0.179"/>
  <system-out/>
  <testcase classname="Edit.SauceDemo.asignacionClase7" name="logIn" time="0.178"/>
  <system-out/>
  <testcase classname="Edit.SauceDemo.asignacionClase7" name="logIn" time="0.323"/>
  <system-out/>
  <testcase classname="Edit.SauceDemo.asignacionClase7" name="logIn" time="0.274"/>
  <system-out/>
  <testcase classname="Edit.SauceDemo.asignacionClase7" name="logIn" time="0.198"/>
  <system-out/>
  <testcase classname="Edit.SauceDemo.asignacionClase7" name="compraCarrito" time="7.065"/>
  <system-out/>
</testsuite> <!-- Edit.SauceDemo.asignacionClase7 -->
