<?xml version="1.0" encoding="UTF-8"?>
<!-- Generated by org.testng.reporters.JUnitReportReporter -->
<testsuite hostname="AR-IT18304" failures="0" tests="7" name="Edit.SauceDemo.Asignacion6" time="16.232" errors="0" timestamp="2023-01-19T12:28:09 ART" skipped="0">
  <testcase classname="Edit.SauceDemo.Asignacion6" name="logIn" time="1.411"/>
  <system-out/>
  <testcase classname="Edit.SauceDemo.Asignacion6" name="logIn" time="1.404"/>
  <system-out/>
  <testcase classname="Edit.SauceDemo.Asignacion6" name="logIn" time="1.437"/>
  <system-out/>
  <testcase classname="Edit.SauceDemo.Asignacion6" name="logIn" time="1.672"/>
  <system-out/>
  <testcase classname="Edit.SauceDemo.Asignacion6" name="logIn" time="1.401"/>
  <system-out/>
  <testcase classname="Edit.SauceDemo.Asignacion6" name="logIn" time="1.789"/>
  <system-out/>
  <testcase classname="Edit.SauceDemo.Asignacion6" name="compraCarrito" time="7.118"/>
  <system-out/>
</testsuite> <!-- Edit.SauceDemo.Asignacion6 -->
