<?xml version="1.0" encoding="UTF-8"?>
<!-- Generated by org.testng.reporters.JUnitReportReporter -->
<testsuite hostname="AR-IT18304" failures="0" tests="1" name="Edit.SauceDemo.Asignacion4" time="12.893" errors="0" timestamp="2023-01-05T00:24:45 ART" skipped="0">
  <testcase classname="Edit.SauceDemo.Asignacion4" name="crearUsuario" time="12.893"/>
  <system-out/>
</testsuite> <!-- Edit.SauceDemo.Asignacion4 -->
