<?xml version="1.0" encoding="UTF-8"?>
<!-- Generated by org.testng.reporters.JUnitReportReporter -->
<testsuite hostname="AR-IT18304" failures="0" tests="2" name="Edit.SauceDemo.Asignacion5" time="2.302" errors="0" timestamp="2023-01-06T13:05:26 ART" skipped="0">
  <testcase classname="Edit.SauceDemo.Asignacion5" name="logearse" time="0.662"/>
  <system-out/>
  <testcase classname="Edit.SauceDemo.Asignacion5" name="comprar" time="1.640"/>
  <system-out/>
</testsuite> <!-- Edit.SauceDemo.Asignacion5 -->
