<?xml version="1.0" encoding="UTF-8"?>
<!-- Generated by org.testng.reporters.JUnitReportReporter -->
<testsuite hostname="AR-IT18304" failures="0" tests="1" name="Edit.SauceDemo.Asignacion4" time="18.982" errors="0" timestamp="2023-01-19T12:28:50 ART" skipped="0">
  <testcase classname="Edit.SauceDemo.Asignacion4" name="crearUsuario" time="18.982"/>
  <system-out/>
</testsuite> <!-- Edit.SauceDemo.Asignacion4 -->
